

Processing UserController#list (for 127.0.0.1 at 2009-11-25 11:31:32) [GET]
  Parameters: {"action"=>"list", "controller"=>"user"}

ActiveRecord::StatementInvalid (Could not find table 'users'):
  authlogic (2.1.2) lib/authlogic/session/scopes.rb:95:in `send'
  authlogic (2.1.2) lib/authlogic/session/scopes.rb:95:in `search_for_record'
  authlogic (2.1.2) lib/authlogic/session/scopes.rb:94:in `send'
  authlogic (2.1.2) lib/authlogic/session/scopes.rb:94:in `search_for_record'
  authlogic (2.1.2) lib/authlogic/session/cookies.rb:108:in `persist_by_cookie'
  authlogic (2.1.2) lib/authlogic/session/callbacks.rb:79:in `persist'
  authlogic (2.1.2) lib/authlogic/session/persistence.rb:55:in `persisting?'
  authlogic (2.1.2) lib/authlogic/session/persistence.rb:39:in `find'
  app/controllers/application_controller.rb:16:in `current_user_session'
  app/controllers/application_controller.rb:20:in `current_user'
  app/controllers/application_controller.rb:24:in `authorize'

Rendering rescues/layout (internal_server_error)


Processing UserController#list (for 127.0.0.1 at 2009-11-25 11:32:24) [GET]
  Parameters: {"action"=>"list", "controller"=>"user"}
Redirected to http://localhost:3000/
Filter chain halted as [:authorize] rendered_or_redirected.
Completed in 305ms (DB: 1) | 302 Found [http://localhost/user/list]


Processing CourseController#list (for 127.0.0.1 at 2009-11-25 11:32:25) [GET]
  Parameters: {"action"=>"list", "controller"=>"course"}
Rendering template within layouts/application
Rendering course/list
Completed in 23ms (View: 20, DB: 1) | 200 OK [http://localhost/]


Processing UserController#new (for 127.0.0.1 at 2009-11-25 11:32:28) [GET]
  Parameters: {"action"=>"new", "controller"=>"user"}
Rendering template within layouts/application
Rendering user/new
Completed in 17ms (View: 15, DB: 0) | 200 OK [http://localhost/users/new]


Processing UserController#create (for 127.0.0.1 at 2009-11-25 11:32:38) [POST]
  Parameters: {"commit"=>"Submit", "action"=>"create", "authenticity_token"=>"gf0S3JDHfl36tvV7iQvVmg454eNGVo8jxpuT5+NvW9Q=", "controller"=>"user", "user"=>{"name"=>"Brian Michel", "password_confirmation"=>"[FILTERED]", "username"=>"brianmichel", "password"=>"[FILTERED]", "email"=>"brian.michel@gmail.com"}}
Redirected to http://localhost:3000/user/list
Completed in 887ms (DB: 1) | 302 Found [http://localhost/users]


Processing UserController#list (for 127.0.0.1 at 2009-11-25 11:32:39) [GET]
  Parameters: {"action"=>"list", "controller"=>"user"}
Rendering template within layouts/application
Rendering user/list
Completed in 12ms (View: 8, DB: 1) | 200 OK [http://localhost/user/list]


Processing UserSessionsController#destroy (for 127.0.0.1 at 2009-11-25 11:32:45) [GET]
  Parameters: {"action"=>"destroy", "controller"=>"user_sessions"}
Redirected to http://localhost:3000/
Completed in 5ms (DB: 0) | 302 Found [http://localhost/logout]


Processing CourseController#list (for 127.0.0.1 at 2009-11-25 11:32:45) [GET]
  Parameters: {"action"=>"list", "controller"=>"course"}
Rendering template within layouts/application
Rendering course/list
Completed in 4ms (View: 3, DB: 0) | 200 OK [http://localhost/]
